<?xml version="1.0" encoding="UTF-8"?>
<testsuite name="recipe.IngredientTests" tests="4" skipped="0" failures="0" errors="0" timestamp="2021-03-21T20:41:00" hostname="YMacBook.local" time="0.002">
  <properties/>
  <testcase name="ingredientTestPrice" classname="recipe.IngredientTests" time="0.0"/>
  <testcase name="ingredientTestName" classname="recipe.IngredientTests" time="0.0"/>
  <testcase name="ingredientTestUnit" classname="recipe.IngredientTests" time="0.0"/>
  <testcase name="ingredientTestDivisable" classname="recipe.IngredientTests" time="0.0"/>
  <system-out><![CDATA[]]></system-out>
  <system-err><![CDATA[]]></system-err>
</testsuite>
