<?xml version="1.0" encoding="UTF-8"?>
<testsuite name="monopoly.CodeQualityTests" tests="1" skipped="0" failures="0" errors="0" timestamp="2021-03-02T14:04:36" hostname="YMacBook.local" time="0.36">
  <properties/>
  <testcase name="codeQuality" classname="monopoly.CodeQualityTests" time="0.36"/>
  <system-out><![CDATA[0 CheckStyle Issues in /Users/yuyaoduan/Desktop/LNU/Code/1DV502/assignment3/assignment-3/src/main/java/monopoly/Board.java
0 CheckStyle Issues in /Users/yuyaoduan/Desktop/LNU/Code/1DV502/assignment3/assignment-3/src/main/java/monopoly/ComputerPlayer.java
0 CheckStyle Issues in /Users/yuyaoduan/Desktop/LNU/Code/1DV502/assignment3/assignment-3/src/main/java/monopoly/ConsoleUi.java
0 CheckStyle Issues in /Users/yuyaoduan/Desktop/LNU/Code/1DV502/assignment3/assignment-3/src/main/java/monopoly/Dice.java
0 CheckStyle Issues in /Users/yuyaoduan/Desktop/LNU/Code/1DV502/assignment3/assignment-3/src/main/java/monopoly/Free.java
0 CheckStyle Issues in /Users/yuyaoduan/Desktop/LNU/Code/1DV502/assignment3/assignment-3/src/main/java/monopoly/Game.java
0 CheckStyle Issues in /Users/yuyaoduan/Desktop/LNU/Code/1DV502/assignment3/assignment-3/src/main/java/monopoly/HumanPlayer.java
0 CheckStyle Issues in /Users/yuyaoduan/Desktop/LNU/Code/1DV502/assignment3/assignment-3/src/main/java/monopoly/Player.java
0 CheckStyle Issues in /Users/yuyaoduan/Desktop/LNU/Code/1DV502/assignment3/assignment-3/src/main/java/monopoly/Property.java
0 CheckStyle Issues in /Users/yuyaoduan/Desktop/LNU/Code/1DV502/assignment3/assignment-3/src/main/java/monopoly/Start.java
0 CheckStyle Issues in /Users/yuyaoduan/Desktop/LNU/Code/1DV502/assignment3/assignment-3/src/main/java/monopoly/Tile.java
0 FindBugs Issues in monopoly/Dice.java
0 FindBugs Issues in monopoly/Game.java
0 FindBugs Issues in monopoly/Board.java
0 FindBugs Issues in monopoly/Tile.java
0 FindBugs Issues in monopoly/HumanPlayer.java
0 FindBugs Issues in monopoly/ConsoleUi.java
0 FindBugs Issues in monopoly/Player.java
0 FindBugs Issues in monopoly/ComputerPlayer.java
0 FindBugs Issues in monopoly/Free.java
0 FindBugs Issues in monopoly/Start.java
0 FindBugs Issues in monopoly/Property.java
]]></system-out>
  <system-err><![CDATA[]]></system-err>
</testsuite>
